2026-06-24 14:52:45,236 - INFO - Training Started
2026-06-24 15:04:55,629 - INFO - Ridge Regression | R2=0.8776 | RMSE=30646.87 | MSE=939230520.34 | MAE=19013.66
2026-06-24 15:04:55,662 - INFO - Lasso Regression | R2=0.8961 | RMSE=28234.57 | MSE=797191102.80 | MAE=17913.20
2026-06-24 15:04:55,755 - INFO - Random Forest | R2=0.8835 | RMSE=29890.49 | MSE=893441179.49 | MAE=18168.50
2026-06-24 15:17:11,098 - INFO - Training Started
2026-06-24 15:30:08,592 - INFO - Ridge Regression | R2=0.8776 | RMSE=30646.87 | MSE=939230520.34 | MAE=19013.66
2026-06-24 15:30:08,860 - INFO - Lasso Regression | R2=0.8961 | RMSE=28234.57 | MSE=797191102.80 | MAE=17913.20
2026-06-24 15:30:09,521 - INFO - Random Forest | R2=0.8835 | RMSE=29890.49 | MSE=893441179.49 | MAE=18168.50
2026-06-25 10:13:03,227 - INFO - Training Started
2026-06-25 10:25:47,286 - INFO - Ridge Regression | R2=0.8776 | RMSE=30646.87 | MSE=939230520.34 | MAE=19013.66
2026-06-25 10:25:47,422 - INFO - Lasso Regression | R2=0.8961 | RMSE=28234.57 | MSE=797191102.80 | MAE=17913.20
2026-06-25 10:25:48,596 - INFO - Random Forest | R2=0.8835 | RMSE=29890.49 | MSE=893441179.49 | MAE=18168.50
2026-06-26 12:34:12,199 - INFO - Training Started
2026-06-26 12:35:46,939 - INFO - Linear Regression | R2=-289798962603850432.0000 | RMSE=47147137534276.20 | MSE=2222852577675955556768022528.00 | MAE=3196912662629.13
2026-06-26 12:43:55,917 - INFO - Training Started
2026-06-26 12:44:11,416 - INFO - Linear Regression | R2=-289798962603850432.0000 | RMSE=47147137534276.20 | MSE=2222852577675955556768022528.00 | MAE=3196912662629.13
2026-06-26 12:45:35,141 - INFO - Ridge Regression | R2=0.8839 | RMSE=29840.41 | MSE=890449833.77 | MAE=19014.46
2026-06-26 12:46:25,635 - INFO - Lasso Regression | R2=0.8952 | RMSE=28356.77 | MSE=804106306.63 | MAE=18014.41
2026-06-26 12:46:55,572 - INFO - Random Forest | R2=0.8866 | RMSE=29493.13 | MSE=869844786.40 | MAE=17577.43
2026-06-26 13:02:10,005 - INFO - Training Started
2026-06-26 13:02:28,358 - INFO - Linear Regression | R2=-289798962603850432.0000 | RMSE=47147137534276.20 | MSE=2222852577675955556768022528.00 | MAE=3196912662629.13
2026-06-26 13:03:05,736 - INFO - Ridge Regression | R2=0.8839 | RMSE=29840.41 | MSE=890449833.77 | MAE=19014.46
2026-06-26 13:03:55,105 - INFO - Lasso Regression | R2=0.8952 | RMSE=28356.77 | MSE=804106306.63 | MAE=18014.41
2026-06-26 13:04:22,100 - INFO - Random Forest | R2=0.8866 | RMSE=29493.13 | MSE=869844786.40 | MAE=17577.43
2026-06-26 13:16:00,042 - INFO - Training Started
2026-06-26 13:16:20,497 - INFO - Linear Regression | R2=-289798962603850432.0000 | RMSE=47147137534276.20 | MSE=2222852577675955556768022528.00 | MAE=3196912662629.13
2026-06-26 13:17:04,215 - INFO - Ridge Regression | R2=0.8839 | RMSE=29840.41 | MSE=890449833.77 | MAE=19014.46
2026-06-26 13:17:51,886 - INFO - Lasso Regression | R2=0.8952 | RMSE=28356.77 | MSE=804106306.63 | MAE=18014.41
2026-06-26 13:18:17,818 - INFO - Random Forest | R2=0.8866 | RMSE=29493.13 | MSE=869844786.40 | MAE=17577.43
2026-06-26 13:58:52,959 - INFO - Training Started
2026-06-26 13:59:28,101 - INFO - Linear Regression | R2=-289798962603850432.0000 | RMSE=47147137534276.20 | MSE=2222852577675955556768022528.00 | MAE=3196912662629.13
2026-06-26 14:01:08,085 - INFO - Ridge Regression | R2=0.8839 | RMSE=29840.41 | MSE=890449833.77 | MAE=19014.46
2026-06-26 14:02:01,018 - INFO - Lasso Regression | R2=0.8952 | RMSE=28356.77 | MSE=804106306.63 | MAE=18014.41
2026-06-26 14:02:31,161 - INFO - Random Forest | R2=0.8866 | RMSE=29493.13 | MSE=869844786.40 | MAE=17577.43
2026-06-26 14:21:17,358 - INFO - Training Started
2026-06-26 14:21:40,963 - INFO - Linear Regression | R2=-289798962603850432.0000 | RMSE=47147137534276.20 | MSE=2222852577675955556768022528.00 | MAE=3196912662629.13
2026-06-26 14:22:24,933 - INFO - Ridge Regression | R2=0.8839 | RMSE=29840.41 | MSE=890449833.77 | MAE=19014.46
2026-06-26 14:23:15,755 - INFO - Lasso Regression | R2=0.8952 | RMSE=28356.77 | MSE=804106306.63 | MAE=18014.41
2026-06-26 14:23:43,125 - INFO - Random Forest | R2=0.8866 | RMSE=29493.13 | MSE=869844786.40 | MAE=17577.43
2026-06-26 15:01:33,550 - INFO - Training Started
2026-06-26 15:02:05,597 - INFO - Linear Regression | R2=-289798962603850432.0000 | RMSE=47147137534276.20 | MSE=2222852577675955556768022528.00 | MAE=3196912662629.13
2026-06-26 15:03:30,217 - INFO - Ridge Regression | R2=0.8839 | RMSE=29840.41 | MSE=890449833.77 | MAE=19014.46
2026-06-26 15:04:21,933 - INFO - Lasso Regression | R2=0.8952 | RMSE=28356.77 | MSE=804106306.63 | MAE=18014.41
2026-06-26 15:04:50,920 - INFO - Random Forest | R2=0.8866 | RMSE=29493.13 | MSE=869844786.40 | MAE=17577.43
2026-06-26 15:12:07,069 - INFO - Training Started
2026-06-26 15:12:36,822 - INFO - Linear Regression | R2=-289798962603850432.0000 | RMSE=47147137534276.20 | MSE=2222852577675955556768022528.00 | MAE=3196912662629.13
2026-06-26 15:13:35,872 - INFO - Ridge Regression | R2=0.8839 | RMSE=29840.41 | MSE=890449833.77 | MAE=19014.46
2026-06-26 15:14:27,706 - INFO - Lasso Regression | R2=0.8952 | RMSE=28356.77 | MSE=804106306.63 | MAE=18014.41
2026-06-26 15:14:56,491 - INFO - Random Forest | R2=0.8866 | RMSE=29493.13 | MSE=869844786.40 | MAE=17577.43
2026-06-26 15:27:14,110 - INFO - Ridge Regression | R2=0.8776 | RMSE=30646.87 | MSE=939230520.34 | MAE=19013.66
2026-06-26 15:29:16,287 - INFO - Lasso Regression | R2=0.8961 | RMSE=28234.57 | MSE=797191102.80 | MAE=17913.20
2026-06-26 15:29:55,427 - INFO - Random Forest | R2=0.8835 | RMSE=29890.49 | MSE=893441179.49 | MAE=18168.50
2026-06-26 15:32:06,170 - INFO - Training Started
2026-06-26 15:32:36,893 - INFO - Linear Regression | R2=-289798962603850432.0000 | RMSE=47147137534276.20 | MSE=2222852577675955556768022528.00 | MAE=3196912662629.13
2026-06-26 15:33:49,797 - INFO - Ridge Regression | R2=0.8839 | RMSE=29840.41 | MSE=890449833.77 | MAE=19014.46
2026-06-26 15:34:38,848 - INFO - Lasso Regression | R2=0.8952 | RMSE=28356.77 | MSE=804106306.63 | MAE=18014.41
2026-06-26 15:35:08,038 - INFO - Random Forest | R2=0.8866 | RMSE=29493.13 | MSE=869844786.40 | MAE=17577.43
2026-06-26 15:47:00,807 - INFO - Ridge Regression | R2=0.8776 | RMSE=30646.87 | MSE=939230520.34 | MAE=19013.66
2026-06-26 15:48:41,336 - INFO - Lasso Regression | R2=0.8961 | RMSE=28234.57 | MSE=797191102.80 | MAE=17913.20
2026-06-26 15:49:14,787 - INFO - Random Forest | R2=0.8835 | RMSE=29890.49 | MSE=893441179.49 | MAE=18168.50
2026-06-27 09:58:51,572 - INFO - Training Started
2026-06-27 10:00:14,016 - INFO - Linear Regression | R2=-289798962603850432.0000 | RMSE=47147137534276.20 | MSE=2222852577675955556768022528.00 | MAE=3196912662629.13
2026-06-27 10:03:45,510 - INFO - Ridge Regression | R2=0.8839 | RMSE=29840.41 | MSE=890449833.77 | MAE=19014.46
2026-06-27 10:05:30,366 - INFO - Lasso Regression | R2=0.8952 | RMSE=28356.77 | MSE=804106306.63 | MAE=18014.41
2026-06-27 10:06:14,617 - INFO - Random Forest | R2=0.8866 | RMSE=29493.13 | MSE=869844786.40 | MAE=17577.43
2026-06-27 10:36:45,023 - INFO - Ridge Regression | R2=0.8776 | RMSE=30646.87 | MSE=939230520.34 | MAE=19013.66
2026-06-27 10:39:11,020 - INFO - Lasso Regression | R2=0.8961 | RMSE=28234.57 | MSE=797191102.80 | MAE=17913.20
2026-06-27 10:40:14,571 - INFO - Random Forest | R2=0.8835 | RMSE=29890.49 | MSE=893441179.49 | MAE=18168.50
2026-07-08 11:40:16,501 - INFO - Training Started
2026-07-08 11:41:12,419 - INFO - Linear Regression | R2=-289798962603850432.0000 | RMSE=47147137534276.20 | MSE=2222852577675955556768022528.00 | MAE=3196912662629.13
2026-07-08 11:44:06,892 - INFO - Ridge Regression | R2=0.8839 | RMSE=29840.41 | MSE=890449833.77 | MAE=19014.46
2026-07-08 11:45:39,902 - INFO - Lasso Regression | R2=0.8952 | RMSE=28356.77 | MSE=804106306.63 | MAE=18014.41
2026-07-08 11:46:13,713 - INFO - Random Forest | R2=0.8866 | RMSE=29493.13 | MSE=869844786.40 | MAE=17577.43
2026-07-08 12:54:26,758 - INFO - Training Started
2026-07-08 12:55:03,797 - INFO - Linear Regression | R2=-289798962603850432.0000 | RMSE=47147137534276.20 | MSE=2222852577675955556768022528.00 | MAE=3196912662629.13
2026-07-08 12:57:42,885 - INFO - Ridge Regression | R2=0.8839 | RMSE=29840.41 | MSE=890449833.77 | MAE=19014.46
2026-07-08 13:00:06,454 - INFO - Lasso Regression | R2=0.8952 | RMSE=28356.77 | MSE=804106306.63 | MAE=18014.41
2026-07-08 13:01:12,044 - INFO - Random Forest | R2=0.8866 | RMSE=29493.13 | MSE=869844786.40 | MAE=17577.43
2026-07-08 13:15:26,194 - INFO - Ridge Regression | R2=0.8776 | RMSE=30646.87 | MSE=939230520.34 | MAE=19013.66
2026-07-08 13:18:11,136 - INFO - Lasso Regression | R2=0.8961 | RMSE=28234.57 | MSE=797191102.80 | MAE=17913.20
2026-07-08 13:19:07,137 - INFO - Random Forest | R2=0.8835 | RMSE=29890.49 | MSE=893441179.49 | MAE=18168.50
2026-07-09 13:07:49,970 - INFO - Training Started
2026-07-09 13:08:44,712 - INFO - Linear Regression | R2=-289798962603850432.0000 | RMSE=47147137534276.20 | MSE=2222852577675955556768022528.00 | MAE=3196912662629.13
2026-07-09 13:11:48,946 - INFO - Ridge Regression | R2=0.8839 | RMSE=29840.41 | MSE=890449833.77 | MAE=19014.46
2026-07-09 13:12:53,759 - INFO - Lasso Regression | R2=0.8952 | RMSE=28356.77 | MSE=804106306.63 | MAE=18014.41
2026-07-09 13:13:47,445 - INFO - Random Forest | R2=0.8866 | RMSE=29493.13 | MSE=869844786.40 | MAE=17577.43
2026-07-09 13:29:04,786 - INFO - Ridge Regression | R2=0.8776 | RMSE=30646.87 | MSE=939230520.34 | MAE=19013.66
2026-07-09 13:31:34,932 - INFO - Lasso Regression | R2=0.8961 | RMSE=28234.57 | MSE=797191102.80 | MAE=17913.20
2026-07-09 13:32:50,537 - INFO - Random Forest | R2=0.8835 | RMSE=29890.49 | MSE=893441179.49 | MAE=18168.50
2026-07-09 20:22:38,631 - INFO - Training Started
2026-07-09 20:23:32,814 - INFO - Linear Regression | R2=-289798962603850432.0000 | RMSE=47147137534276.20 | MSE=2222852577675955556768022528.00 | MAE=3196912662629.13
2026-07-09 20:25:57,215 - INFO - Ridge Regression | R2=0.8839 | RMSE=29840.41 | MSE=890449833.77 | MAE=19014.46
2026-07-09 20:27:30,290 - INFO - Lasso Regression | R2=0.8952 | RMSE=28356.77 | MSE=804106306.63 | MAE=18014.41
2026-07-09 20:28:16,229 - INFO - Random Forest | R2=0.8866 | RMSE=29493.13 | MSE=869844786.40 | MAE=17577.43
2026-07-09 20:47:36,340 - INFO - Training Started
2026-07-09 20:48:28,329 - INFO - Linear Regression | R2=-289798962603850432.0000 | RMSE=47147137534276.20 | MSE=2222852577675955556768022528.00 | MAE=3196912662629.13
2026-07-09 20:50:38,839 - INFO - Ridge Regression | R2=0.8839 | RMSE=29840.41 | MSE=890449833.77 | MAE=19014.46
2026-07-09 20:52:16,901 - INFO - Lasso Regression | R2=0.8952 | RMSE=28356.77 | MSE=804106306.63 | MAE=18014.41
2026-07-09 20:53:14,476 - INFO - Random Forest | R2=0.8866 | RMSE=29493.13 | MSE=869844786.40 | MAE=17577.43
2026-07-09 21:08:18,368 - INFO - Ridge Regression | R2=0.8776 | RMSE=30646.87 | MSE=939230520.34 | MAE=19013.66
2026-07-09 21:10:43,647 - INFO - Lasso Regression | R2=0.8961 | RMSE=28234.57 | MSE=797191102.80 | MAE=17913.20
2026-07-09 21:11:14,465 - INFO - Random Forest | R2=0.8835 | RMSE=29890.49 | MSE=893441179.49 | MAE=18168.50
